2018-02-16 11:14:26,782 INFO: SERVER STARTED ON  127.0.0.1:5000 [in predict_API.py:111]
2018-02-16 11:14:31,950 INFO: +++++ REQUEST RECEIVED +++++ [in predict_API.py:24]
2018-02-16 11:14:31,950 INFO: REQUEST METHOD: POST [in predict_API.py:30]
2018-02-16 11:14:31,950 INFO: REQUEST API: /predict [in predict_API.py:31]
2018-02-16 11:14:31,950 INFO: HTTP USER AGENT: curl/7.47.0 [in predict_API.py:32]
2018-02-16 11:14:31,950 INFO: CLIENT ADDRESS: 127.0.0.1 [in predict_API.py:33]
2018-02-16 11:14:31,959 INFO: Number of recorde: 3 [in predict_API.py:64]
2018-02-16 11:14:31,961 INFO: ----- REQUEST SERVED ----- [in predict_API.py:47]
2018-02-16 11:14:34,297 INFO: +++++ REQUEST RECEIVED +++++ [in predict_API.py:24]
2018-02-16 11:14:34,297 INFO: REQUEST METHOD: POST [in predict_API.py:30]
2018-02-16 11:14:34,297 INFO: REQUEST API: /predict [in predict_API.py:31]
2018-02-16 11:14:34,298 INFO: HTTP USER AGENT: curl/7.47.0 [in predict_API.py:32]
2018-02-16 11:14:34,298 INFO: CLIENT ADDRESS: 127.0.0.1 [in predict_API.py:33]
2018-02-16 11:14:34,303 INFO: Number of recorde: 3 [in predict_API.py:64]
2018-02-16 11:14:34,305 INFO: ----- REQUEST SERVED ----- [in predict_API.py:47]
2018-02-16 11:14:35,732 INFO: +++++ REQUEST RECEIVED +++++ [in predict_API.py:24]
2018-02-16 11:14:35,732 INFO: REQUEST METHOD: POST [in predict_API.py:30]
2018-02-16 11:14:35,732 INFO: REQUEST API: /predict [in predict_API.py:31]
2018-02-16 11:14:35,732 INFO: HTTP USER AGENT: curl/7.47.0 [in predict_API.py:32]
2018-02-16 11:14:35,732 INFO: CLIENT ADDRESS: 127.0.0.1 [in predict_API.py:33]
2018-02-16 11:14:35,738 INFO: Number of recorde: 3 [in predict_API.py:64]
2018-02-16 11:14:35,740 INFO: ----- REQUEST SERVED ----- [in predict_API.py:47]
