2018-02-19 08:43:09,317 INFO: SERVER STARTED ON  127.0.0.1:5001 [in train_API.py:132]
2018-02-19 08:46:50,676 INFO: +++++ REQUEST RECEIVED +++++ [in train_API.py:23]
2018-02-19 08:46:50,676 INFO: REQUEST METHOD: POST [in train_API.py:29]
2018-02-19 08:46:50,676 INFO: REQUEST API: /preprocess [in train_API.py:30]
2018-02-19 08:46:50,676 INFO: HTTP USER AGENT: curl/7.47.0 [in train_API.py:31]
2018-02-19 08:46:50,676 INFO: CLIENT ADDRESS: 127.0.0.1 [in train_API.py:32]
2018-02-19 08:46:50,676 INFO: ----- REQUEST SERVED ----- [in train_API.py:56]
2018-02-19 08:46:59,177 INFO: +++++ REQUEST RECEIVED +++++ [in train_API.py:23]
2018-02-19 08:46:59,178 INFO: REQUEST METHOD: POST [in train_API.py:29]
2018-02-19 08:46:59,178 INFO: REQUEST API: /preprocess [in train_API.py:30]
2018-02-19 08:46:59,178 INFO: HTTP USER AGENT: curl/7.47.0 [in train_API.py:31]
2018-02-19 08:46:59,178 INFO: CLIENT ADDRESS: 127.0.0.1 [in train_API.py:32]
2018-02-19 08:46:59,178 INFO: ----- REQUEST SERVED ----- [in train_API.py:56]
2018-02-19 08:54:28,815 INFO: SERVER STARTED ON  127.0.0.1:5001 [in train_API.py:134]
2018-02-19 08:54:42,590 INFO: +++++ REQUEST RECEIVED +++++ [in train_API.py:23]
2018-02-19 08:54:42,590 INFO: REQUEST METHOD: POST [in train_API.py:29]
2018-02-19 08:54:42,590 INFO: REQUEST API: /preprocess [in train_API.py:30]
2018-02-19 08:54:42,590 INFO: HTTP USER AGENT: curl/7.47.0 [in train_API.py:31]
2018-02-19 08:54:42,590 INFO: CLIENT ADDRESS: 127.0.0.1 [in train_API.py:32]
2018-02-19 08:54:42,590 ERROR: message [in train_API.py:62]
Traceback (most recent call last):
  File "train_API.py", line 43, in predictionUtility
    callbackURL = content["callbackURL"]
TypeError: string indices must be integers, not str
2018-02-19 08:54:42,591 ERROR: Exception on /preprocess [POST] [in /home/s1bfwd/miniconda2/envs/msank_env/lib/python2.7/site-packages/flask/app.py:1560]
Traceback (most recent call last):
  File "/home/s1bfwd/miniconda2/envs/msank_env/lib/python2.7/site-packages/flask/app.py", line 1982, in wsgi_app
    response = self.full_dispatch_request()
  File "/home/s1bfwd/miniconda2/envs/msank_env/lib/python2.7/site-packages/flask/app.py", line 1614, in full_dispatch_request
    rv = self.handle_user_exception(e)
  File "/home/s1bfwd/miniconda2/envs/msank_env/lib/python2.7/site-packages/flask/app.py", line 1517, in handle_user_exception
    reraise(exc_type, exc_value, tb)
  File "/home/s1bfwd/miniconda2/envs/msank_env/lib/python2.7/site-packages/flask/app.py", line 1612, in full_dispatch_request
    rv = self.dispatch_request()
  File "/home/s1bfwd/miniconda2/envs/msank_env/lib/python2.7/site-packages/flask/app.py", line 1598, in dispatch_request
    return self.view_functions[rule.endpoint](**req.view_args)
  File "train_API.py", line 63, in predictionUtility
    raise Exception(e)
Exception: string indices must be integers, not str
2018-02-19 08:55:57,930 INFO: SERVER STARTED ON  127.0.0.1:5001 [in train_API.py:134]
2018-02-19 08:56:01,650 INFO: +++++ REQUEST RECEIVED +++++ [in train_API.py:23]
2018-02-19 08:56:01,650 INFO: REQUEST METHOD: POST [in train_API.py:29]
2018-02-19 08:56:01,651 INFO: REQUEST API: /preprocess [in train_API.py:30]
2018-02-19 08:56:01,651 INFO: HTTP USER AGENT: curl/7.47.0 [in train_API.py:31]
2018-02-19 08:56:01,651 INFO: CLIENT ADDRESS: 127.0.0.1 [in train_API.py:32]
2018-02-19 08:56:01,651 ERROR: message [in train_API.py:62]
Traceback (most recent call last):
  File "train_API.py", line 50, in predictionUtility
    th.Thread(target=predictionModule(callbackURL)).start()
NameError: global name 'predictionModule' is not defined
2018-02-19 08:56:01,651 ERROR: Exception on /preprocess [POST] [in /home/s1bfwd/miniconda2/envs/msank_env/lib/python2.7/site-packages/flask/app.py:1560]
Traceback (most recent call last):
  File "/home/s1bfwd/miniconda2/envs/msank_env/lib/python2.7/site-packages/flask/app.py", line 1982, in wsgi_app
    response = self.full_dispatch_request()
  File "/home/s1bfwd/miniconda2/envs/msank_env/lib/python2.7/site-packages/flask/app.py", line 1614, in full_dispatch_request
    rv = self.handle_user_exception(e)
  File "/home/s1bfwd/miniconda2/envs/msank_env/lib/python2.7/site-packages/flask/app.py", line 1517, in handle_user_exception
    reraise(exc_type, exc_value, tb)
  File "/home/s1bfwd/miniconda2/envs/msank_env/lib/python2.7/site-packages/flask/app.py", line 1612, in full_dispatch_request
    rv = self.dispatch_request()
  File "/home/s1bfwd/miniconda2/envs/msank_env/lib/python2.7/site-packages/flask/app.py", line 1598, in dispatch_request
    return self.view_functions[rule.endpoint](**req.view_args)
  File "train_API.py", line 63, in predictionUtility
    raise Exception(e)
Exception: global name 'predictionModule' is not defined
2018-02-19 08:56:37,927 INFO: SERVER STARTED ON  127.0.0.1:5001 [in train_API.py:134]
2018-02-19 08:56:42,340 INFO: +++++ REQUEST RECEIVED +++++ [in train_API.py:23]
2018-02-19 08:56:42,340 INFO: REQUEST METHOD: POST [in train_API.py:29]
2018-02-19 08:56:42,340 INFO: REQUEST API: /preprocess [in train_API.py:30]
2018-02-19 08:56:42,341 INFO: HTTP USER AGENT: curl/7.47.0 [in train_API.py:31]
2018-02-19 08:56:42,341 INFO: CLIENT ADDRESS: 127.0.0.1 [in train_API.py:32]
2018-02-19 08:56:47,345 INFO: ----- REQUEST SERVED ----- [in train_API.py:58]
2018-02-19 08:56:58,881 INFO: +++++ REQUEST RECEIVED +++++ [in train_API.py:23]
2018-02-19 08:56:58,881 INFO: REQUEST METHOD: POST [in train_API.py:29]
2018-02-19 08:56:58,881 INFO: REQUEST API: /preprocess [in train_API.py:30]
2018-02-19 08:56:58,881 INFO: HTTP USER AGENT: curl/7.47.0 [in train_API.py:31]
2018-02-19 08:56:58,881 INFO: CLIENT ADDRESS: 127.0.0.1 [in train_API.py:32]
2018-02-19 08:57:03,887 INFO: ----- REQUEST SERVED ----- [in train_API.py:58]
2018-02-19 09:03:16,879 INFO: SERVER STARTED ON  127.0.0.1:5001 [in train_API.py:134]
2018-02-19 09:03:20,667 INFO: +++++ REQUEST RECEIVED +++++ [in train_API.py:23]
2018-02-19 09:03:20,667 INFO: REQUEST METHOD: POST [in train_API.py:29]
2018-02-19 09:03:20,667 INFO: REQUEST API: /preprocess [in train_API.py:30]
2018-02-19 09:03:20,667 INFO: HTTP USER AGENT: curl/7.47.0 [in train_API.py:31]
2018-02-19 09:03:20,667 INFO: CLIENT ADDRESS: 127.0.0.1 [in train_API.py:32]
2018-02-19 09:03:20,668 INFO: ----- REQUEST SERVED ----- [in train_API.py:58]
2018-02-19 09:03:37,765 INFO: +++++ REQUEST RECEIVED +++++ [in train_API.py:23]
2018-02-19 09:03:37,765 INFO: REQUEST METHOD: POST [in train_API.py:29]
2018-02-19 09:03:37,765 INFO: REQUEST API: /preprocess [in train_API.py:30]
2018-02-19 09:03:37,765 INFO: HTTP USER AGENT: curl/7.47.0 [in train_API.py:31]
2018-02-19 09:03:37,765 INFO: CLIENT ADDRESS: 127.0.0.1 [in train_API.py:32]
2018-02-19 09:03:37,766 INFO: ----- REQUEST SERVED ----- [in train_API.py:58]
2018-02-19 09:05:44,122 INFO: SERVER STARTED ON  127.0.0.1:5001 [in train_API.py:134]
2018-02-19 09:05:50,032 INFO: +++++ REQUEST RECEIVED +++++ [in train_API.py:23]
2018-02-19 09:05:50,032 INFO: REQUEST METHOD: POST [in train_API.py:29]
2018-02-19 09:05:50,033 INFO: REQUEST API: /preprocess [in train_API.py:30]
2018-02-19 09:05:50,033 INFO: HTTP USER AGENT: curl/7.47.0 [in train_API.py:31]
2018-02-19 09:05:50,033 INFO: CLIENT ADDRESS: 127.0.0.1 [in train_API.py:32]
2018-02-19 09:05:50,034 INFO: ----- REQUEST SERVED ----- [in train_API.py:58]
2018-02-19 09:06:51,643 INFO: SERVER STARTED ON  127.0.0.1:5001 [in train_API.py:134]
2018-02-19 09:06:55,127 INFO: +++++ REQUEST RECEIVED +++++ [in train_API.py:23]
2018-02-19 09:06:55,127 INFO: REQUEST METHOD: POST [in train_API.py:29]
2018-02-19 09:06:55,128 INFO: REQUEST API: /preprocess [in train_API.py:30]
2018-02-19 09:06:55,128 INFO: HTTP USER AGENT: curl/7.47.0 [in train_API.py:31]
2018-02-19 09:06:55,128 INFO: CLIENT ADDRESS: 127.0.0.1 [in train_API.py:32]
2018-02-19 09:06:55,128 INFO: ----- REQUEST SERVED ----- [in train_API.py:58]
2018-02-19 09:07:07,920 INFO: +++++ REQUEST RECEIVED +++++ [in train_API.py:23]
2018-02-19 09:07:07,921 INFO: REQUEST METHOD: POST [in train_API.py:29]
2018-02-19 09:07:07,921 INFO: REQUEST API: /preprocess [in train_API.py:30]
2018-02-19 09:07:07,921 INFO: HTTP USER AGENT: curl/7.47.0 [in train_API.py:31]
2018-02-19 09:07:07,921 INFO: CLIENT ADDRESS: 127.0.0.1 [in train_API.py:32]
2018-02-19 09:07:07,921 INFO: ----- REQUEST SERVED ----- [in train_API.py:58]
2018-02-19 09:54:47,562 INFO: SERVER STARTED ON  127.0.0.1:5001 [in train_API.py:134]
2018-02-19 09:54:51,926 INFO: +++++ REQUEST RECEIVED +++++ [in train_API.py:23]
2018-02-19 09:54:51,926 INFO: REQUEST METHOD: POST [in train_API.py:29]
2018-02-19 09:54:51,926 INFO: REQUEST API: /preprocess [in train_API.py:30]
2018-02-19 09:54:51,926 INFO: HTTP USER AGENT: curl/7.47.0 [in train_API.py:31]
2018-02-19 09:54:51,926 INFO: CLIENT ADDRESS: 127.0.0.1 [in train_API.py:32]
2018-02-19 09:54:51,927 INFO: ----- REQUEST SERVED ----- [in train_API.py:58]
2018-02-19 09:57:48,721 INFO: SERVER STARTED ON  127.0.0.1:5001 [in train_API.py:134]
2018-02-19 09:57:52,917 INFO: +++++ REQUEST RECEIVED +++++ [in train_API.py:23]
2018-02-19 09:57:52,917 INFO: REQUEST METHOD: POST [in train_API.py:29]
2018-02-19 09:57:52,917 INFO: REQUEST API: /preprocess [in train_API.py:30]
2018-02-19 09:57:52,917 INFO: HTTP USER AGENT: curl/7.47.0 [in train_API.py:31]
2018-02-19 09:57:52,917 INFO: CLIENT ADDRESS: 127.0.0.1 [in train_API.py:32]
2018-02-19 09:57:52,918 INFO: ----- REQUEST SERVED ----- [in train_API.py:58]
2018-02-19 09:59:43,298 INFO: SERVER STARTED ON  127.0.0.1:5001 [in train_API.py:136]
2018-02-19 09:59:47,055 INFO: +++++ REQUEST RECEIVED +++++ [in train_API.py:23]
2018-02-19 09:59:47,055 INFO: REQUEST METHOD: POST [in train_API.py:29]
2018-02-19 09:59:47,055 INFO: REQUEST API: /preprocess [in train_API.py:30]
2018-02-19 09:59:47,055 INFO: HTTP USER AGENT: curl/7.47.0 [in train_API.py:31]
2018-02-19 09:59:47,055 INFO: CLIENT ADDRESS: 127.0.0.1 [in train_API.py:32]
2018-02-19 09:59:47,056 INFO: ----- REQUEST SERVED ----- [in train_API.py:58]
2018-02-19 10:06:12,044 INFO: SERVER STARTED ON  127.0.0.1:5001 [in train_API.py:148]
2018-02-19 10:06:15,764 INFO: +++++ REQUEST RECEIVED +++++ [in train_API.py:25]
2018-02-19 10:06:15,764 INFO: REQUEST METHOD: POST [in train_API.py:31]
2018-02-19 10:06:15,764 INFO: REQUEST API: /preprocess [in train_API.py:32]
2018-02-19 10:06:15,764 INFO: HTTP USER AGENT: curl/7.47.0 [in train_API.py:33]
2018-02-19 10:06:15,764 INFO: CLIENT ADDRESS: 127.0.0.1 [in train_API.py:34]
2018-02-19 10:06:15,765 ERROR: message [in train_API.py:64]
Traceback (most recent call last):
  File "train_API.py", line 45, in preprocessUtility
    callbackURL = content['callbackURL']
TypeError: string indices must be integers, not str
2018-02-19 10:06:15,765 ERROR: Exception on /preprocess [POST] [in /home/s1bfwd/miniconda2/envs/msank_env/lib/python2.7/site-packages/flask/app.py:1560]
Traceback (most recent call last):
  File "/home/s1bfwd/miniconda2/envs/msank_env/lib/python2.7/site-packages/flask/app.py", line 1982, in wsgi_app
    response = self.full_dispatch_request()
  File "/home/s1bfwd/miniconda2/envs/msank_env/lib/python2.7/site-packages/flask/app.py", line 1614, in full_dispatch_request
    rv = self.handle_user_exception(e)
  File "/home/s1bfwd/miniconda2/envs/msank_env/lib/python2.7/site-packages/flask/app.py", line 1517, in handle_user_exception
    reraise(exc_type, exc_value, tb)
  File "/home/s1bfwd/miniconda2/envs/msank_env/lib/python2.7/site-packages/flask/app.py", line 1612, in full_dispatch_request
    rv = self.dispatch_request()
  File "/home/s1bfwd/miniconda2/envs/msank_env/lib/python2.7/site-packages/flask/app.py", line 1598, in dispatch_request
    return self.view_functions[rule.endpoint](**req.view_args)
  File "train_API.py", line 65, in preprocessUtility
    raise Exception(e)
Exception: string indices must be integers, not str
2018-02-19 10:06:59,974 INFO: SERVER STARTED ON  127.0.0.1:5001 [in train_API.py:149]
2018-02-19 10:07:03,801 INFO: +++++ REQUEST RECEIVED +++++ [in train_API.py:25]
2018-02-19 10:07:03,801 INFO: REQUEST METHOD: POST [in train_API.py:31]
2018-02-19 10:07:03,801 INFO: REQUEST API: /preprocess [in train_API.py:32]
2018-02-19 10:07:03,801 INFO: HTTP USER AGENT: curl/7.47.0 [in train_API.py:33]
2018-02-19 10:07:03,801 INFO: CLIENT ADDRESS: 127.0.0.1 [in train_API.py:34]
2018-02-19 10:07:03,802 INFO: ----- REQUEST SERVED ----- [in train_API.py:61]
2018-02-19 10:07:48,704 INFO: SERVER STARTED ON  127.0.0.1:5001 [in train_API.py:149]
2018-02-19 10:07:52,386 INFO: +++++ REQUEST RECEIVED +++++ [in train_API.py:25]
2018-02-19 10:07:52,386 INFO: REQUEST METHOD: POST [in train_API.py:31]
2018-02-19 10:07:52,386 INFO: REQUEST API: /preprocess [in train_API.py:32]
2018-02-19 10:07:52,386 INFO: HTTP USER AGENT: curl/7.47.0 [in train_API.py:33]
2018-02-19 10:07:52,386 INFO: CLIENT ADDRESS: 127.0.0.1 [in train_API.py:34]
2018-02-19 10:07:52,386 ERROR: message [in train_API.py:65]
Traceback (most recent call last):
  File "train_API.py", line 45, in preprocessUtility
    callbackURL = conten['callbackURL']
NameError: global name 'conten' is not defined
2018-02-19 10:07:52,388 ERROR: Exception on /preprocess [POST] [in /home/s1bfwd/miniconda2/envs/msank_env/lib/python2.7/site-packages/flask/app.py:1560]
Traceback (most recent call last):
  File "/home/s1bfwd/miniconda2/envs/msank_env/lib/python2.7/site-packages/flask/app.py", line 1982, in wsgi_app
    response = self.full_dispatch_request()
  File "/home/s1bfwd/miniconda2/envs/msank_env/lib/python2.7/site-packages/flask/app.py", line 1614, in full_dispatch_request
    rv = self.handle_user_exception(e)
  File "/home/s1bfwd/miniconda2/envs/msank_env/lib/python2.7/site-packages/flask/app.py", line 1517, in handle_user_exception
    reraise(exc_type, exc_value, tb)
  File "/home/s1bfwd/miniconda2/envs/msank_env/lib/python2.7/site-packages/flask/app.py", line 1612, in full_dispatch_request
    rv = self.dispatch_request()
  File "/home/s1bfwd/miniconda2/envs/msank_env/lib/python2.7/site-packages/flask/app.py", line 1598, in dispatch_request
    return self.view_functions[rule.endpoint](**req.view_args)
  File "train_API.py", line 66, in preprocessUtility
    raise Exception(e)
Exception: global name 'conten' is not defined
2018-02-19 10:08:10,251 INFO: SERVER STARTED ON  127.0.0.1:5001 [in train_API.py:149]
2018-02-19 10:08:13,022 INFO: +++++ REQUEST RECEIVED +++++ [in train_API.py:25]
2018-02-19 10:08:13,022 INFO: REQUEST METHOD: POST [in train_API.py:31]
2018-02-19 10:08:13,022 INFO: REQUEST API: /preprocess [in train_API.py:32]
2018-02-19 10:08:13,022 INFO: HTTP USER AGENT: curl/7.47.0 [in train_API.py:33]
2018-02-19 10:08:13,022 INFO: CLIENT ADDRESS: 127.0.0.1 [in train_API.py:34]
2018-02-19 10:08:13,023 INFO: ----- REQUEST SERVED ----- [in train_API.py:61]
2018-02-19 10:09:33,389 INFO: SERVER STARTED ON  127.0.0.1:5001 [in train_API.py:154]
2018-02-19 10:09:38,202 INFO: +++++ REQUEST RECEIVED +++++ [in train_API.py:25]
2018-02-19 10:09:38,204 INFO: REQUEST METHOD: POST [in train_API.py:31]
2018-02-19 10:09:38,204 INFO: REQUEST API: /preprocess [in train_API.py:32]
2018-02-19 10:09:38,204 INFO: HTTP USER AGENT: curl/7.47.0 [in train_API.py:33]
2018-02-19 10:09:38,204 INFO: CLIENT ADDRESS: 127.0.0.1 [in train_API.py:34]
2018-02-19 10:09:38,204 INFO: ----- REQUEST SERVED ----- [in train_API.py:61]
2018-02-19 11:11:11,448 INFO: SERVER STARTED ON  127.0.0.1:5001 [in train_API.py:190]
2018-02-19 11:12:17,494 INFO: +++++ REQUEST RECEIVED +++++ [in train_API.py:56]
2018-02-19 11:12:17,494 INFO: REQUEST METHOD: POST [in train_API.py:62]
2018-02-19 11:12:17,494 INFO: REQUEST API: /preprocess [in train_API.py:63]
2018-02-19 11:12:17,495 INFO: HTTP USER AGENT: curl/7.47.0 [in train_API.py:64]
2018-02-19 11:12:17,495 INFO: CLIENT ADDRESS: 127.0.0.1 [in train_API.py:65]
2018-02-19 11:12:17,495 INFO: ----- REQUEST SERVED ----- [in train_API.py:92]
2018-02-19 11:14:46,778 INFO: SERVER STARTED ON  127.0.0.1:5001 [in train_API.py:190]
2018-02-19 11:15:06,920 INFO: +++++ REQUEST RECEIVED +++++ [in train_API.py:56]
2018-02-19 11:15:06,921 INFO: REQUEST METHOD: POST [in train_API.py:62]
2018-02-19 11:15:06,921 INFO: REQUEST API: /preprocess [in train_API.py:63]
2018-02-19 11:15:06,921 INFO: HTTP USER AGENT: curl/7.47.0 [in train_API.py:64]
2018-02-19 11:15:06,921 INFO: CLIENT ADDRESS: 127.0.0.1 [in train_API.py:65]
2018-02-19 11:15:06,922 INFO: ----- REQUEST SERVED ----- [in train_API.py:92]
2018-02-19 11:18:41,743 INFO: SERVER STARTED ON  127.0.0.1:5001 [in train_API.py:196]
2018-02-19 11:18:46,583 INFO: +++++ REQUEST RECEIVED +++++ [in train_API.py:58]
2018-02-19 11:18:46,584 INFO: REQUEST METHOD: POST [in train_API.py:64]
2018-02-19 11:18:46,584 INFO: REQUEST API: /preprocess [in train_API.py:65]
2018-02-19 11:18:46,584 INFO: HTTP USER AGENT: curl/7.47.0 [in train_API.py:66]
2018-02-19 11:18:46,584 INFO: CLIENT ADDRESS: 127.0.0.1 [in train_API.py:67]
2018-02-19 11:18:46,585 INFO: ----- REQUEST SERVED ----- [in train_API.py:94]
2018-02-19 11:18:55,595 INFO: Preprocessing Successful [in train_API.py:118]
2018-02-19 11:18:55,596 INFO: POST status to callback API [in train_API.py:119]
2018-02-19 11:18:55,601 INFO: callback api status code:200 [in train_API.py:46]
2018-02-19 11:50:44,558 INFO: +++++ REQUEST RECEIVED +++++ [in train_API.py:58]
2018-02-19 11:50:44,558 INFO: REQUEST METHOD: POST [in train_API.py:64]
2018-02-19 11:50:44,558 INFO: REQUEST API: /preprocess [in train_API.py:65]
2018-02-19 11:50:44,558 INFO: HTTP USER AGENT: curl/7.47.0 [in train_API.py:66]
2018-02-19 11:50:44,558 INFO: CLIENT ADDRESS: 127.0.0.1 [in train_API.py:67]
2018-02-19 11:50:44,559 INFO: ----- REQUEST SERVED ----- [in train_API.py:94]
2018-02-19 11:50:53,568 INFO: Preprocessing Successful [in train_API.py:118]
2018-02-19 11:50:53,568 INFO: POST status to callback API [in train_API.py:119]
2018-02-19 11:50:53,575 INFO: callback api status code:200 [in train_API.py:46]
2018-02-19 12:25:37,889 INFO: SERVER STARTED ON  127.0.0.1:5001 [in train_API.py:265]
2018-02-19 12:25:53,088 INFO: +++++ REQUEST RECEIVED +++++ [in train_API.py:58]
2018-02-19 12:25:53,088 INFO: REQUEST METHOD: POST [in train_API.py:64]
2018-02-19 12:25:53,088 INFO: REQUEST API: /train [in train_API.py:65]
2018-02-19 12:25:53,088 INFO: HTTP USER AGENT: curl/7.47.0 [in train_API.py:66]
2018-02-19 12:25:53,088 INFO: CLIENT ADDRESS: 127.0.0.1 [in train_API.py:67]
2018-02-19 12:25:53,089 INFO: ----- REQUEST SERVED ----- [in train_API.py:124]
2018-02-19 12:26:07,105 INFO: Training Successful [in train_API.py:186]
2018-02-19 12:26:07,105 INFO: POST status to callback API [in train_API.py:187]
2018-02-19 12:26:07,111 INFO: callback api status code:200 [in train_API.py:46]
2018-02-19 12:32:12,562 INFO: SERVER STARTED ON  127.0.0.1:5001 [in train_API.py:265]
2018-02-19 12:32:29,187 INFO: +++++ REQUEST RECEIVED +++++ [in train_API.py:58]
2018-02-19 12:32:29,187 INFO: REQUEST METHOD: POST [in train_API.py:64]
2018-02-19 12:32:29,187 INFO: REQUEST API: /train [in train_API.py:65]
2018-02-19 12:32:29,187 INFO: HTTP USER AGENT: curl/7.47.0 [in train_API.py:66]
2018-02-19 12:32:29,187 INFO: CLIENT ADDRESS: 127.0.0.1 [in train_API.py:67]
2018-02-19 12:32:29,188 INFO: ----- REQUEST SERVED ----- [in train_API.py:124]
2018-02-19 12:32:43,205 INFO: Training Successful [in train_API.py:186]
2018-02-19 12:32:43,206 INFO: POST status to callback API [in train_API.py:187]
2018-02-19 12:32:43,213 INFO: callback api status code:200 [in train_API.py:46]
2018-02-19 12:33:18,114 INFO: +++++ REQUEST RECEIVED +++++ [in train_API.py:58]
2018-02-19 12:33:18,114 INFO: REQUEST METHOD: POST [in train_API.py:64]
2018-02-19 12:33:18,114 INFO: REQUEST API: /preprocess [in train_API.py:65]
2018-02-19 12:33:18,114 INFO: HTTP USER AGENT: curl/7.47.0 [in train_API.py:66]
2018-02-19 12:33:18,114 INFO: CLIENT ADDRESS: 127.0.0.1 [in train_API.py:67]
2018-02-19 12:33:18,115 INFO: ----- REQUEST SERVED ----- [in train_API.py:93]
2018-02-19 12:33:27,125 INFO: Preprocessing Successful [in train_API.py:149]
2018-02-19 12:33:27,126 INFO: POST status to callback API [in train_API.py:150]
2018-02-19 12:33:27,132 INFO: callback api status code:200 [in train_API.py:46]
